<?xml version="1.0" encoding="UTF-8"?>
<!-- Generated by org.testng.reporters.JUnitReportReporter -->
<testsuite skipped="0" hostname="DESKTOP-RJT93I0" name="api_test.Upload_Test_Cases" tests="1" failures="0" timestamp="2020-03-09T15:58:29 IST" time="10.931" errors="0">
  <testcase name="uploadTestCases" time="10.931" classname="api_test.Upload_Test_Cases"/>
  <system-out/>
</testsuite> <!-- api_test.Upload_Test_Cases -->
