<?xml version="1.0" encoding="UTF-8"?>
<!-- Generated by org.testng.reporters.JUnitReportReporter -->
<testsuite skipped="0" hostname="DESKTOP-RJT93I0" name="api_test.TC001_Get_Issues" tests="1" failures="0" timestamp="2020-03-08T14:08:22 IST" time="7.294" errors="0">
  <testcase name="getIssues" time="7.294" classname="api_test.TC001_Get_Issues"/>
  <system-out/>
</testsuite> <!-- api_test.TC001_Get_Issues -->
